Flutter crash report.
Please report a bug at https://github.com/flutter/flutter/issues.

## command

flutter analyze lib\presentation\widgets\home\health_philosophy_section.dart

## exception

_Exception: Exception: analysis server exited with code 255 and output:
[stderr] #24     AnalysisServer.handleAnalysisEvent (package:analysis_server/src/analysis_server.dart:816:34)
[stderr] #25     _rootRunUnary (dart:async/zone.dart:1538:47)
[stderr] #26     _CustomZone.runUnary (dart:async/zone.dart:1429:19)
[stderr] #27     _CustomZone.runUnaryGuarded (dart:async/zone.dart:1329:7)
[stderr] #28     _BufferingStreamSubscription._sendData (dart:async/stream_impl.dart:381:11)
[stderr] #29     _DelayedData.perform (dart:async/stream_impl.dart:573:14)
[stderr] #30     _PendingEvents.handleNext (dart:async/stream_impl.dart:678:11)
[stderr] #31     _PendingEvents.schedule.<anonymous closure> (dart:async/stream_impl.dart:649:7)
[stderr] #32     _rootRun (dart:async/zone.dart:1517:47)
[stderr] #33     _CustomZone.run (dart:async/zone.dart:1422:19)
[stderr] #34     _CustomZone.runGuarded (dart:async/zone.dart:1321:7)
[stderr] #35     _CustomZone.bindCallbackGuarded.<anonymous closure> (dart:async/zone.dart:1362:23)
[stderr] #36     _rootRun (dart:async/zone.dart:1525:13)
[stderr] #37     _CustomZone.run (dart:async/zone.dart:1422:19)
[stderr] #38     _CustomZone.runGuarded (dart:async/zone.dart:1321:7)
[stderr] #39     _CustomZone.bindCallbackGuarded.<anonymous closure> (dart:async/zone.dart:1362:23)
[stderr] #40     _microtaskLoop (dart:async/schedule_microtask.dart:40:35)
[stderr] #41     _startMicrotaskLoop (dart:async/schedule_microtask.dart:49:5)
[stderr] #42     _runPendingImmediateCallback (dart:isolate-patch/isolate_patch.dart:127:13)
[stderr] #43     _RawReceivePort._handleMessage (dart:isolate-patch/isolate_patch.dart:194:5)

```
```

## flutter doctor

```
[32m[✓][39m Flutter (Channel stable, 3.35.7, on Microsoft Windows [Version 10.0.26100.6899], locale en-US) [1,053ms]
    [32m•[39m Flutter version 3.35.7 on channel stable at C:\Users\Administrator\develop\flutter
    [32m•[39m Upstream repository https://gitee.com/mirrors/Flutter.git
    [32m•[39m FLUTTER_GIT_URL = https://gitee.com/mirrors/Flutter.git
    [32m•[39m Framework revision adc9010625 (3 weeks ago), 2025-10-21 14:16:03 -0400
    [32m•[39m Engine revision 035316565a
    [32m•[39m Dart version 3.9.2
    [32m•[39m DevTools version 2.48.0
    [32m•[39m Pub download mirror https://pub.flutter-io.cn
    [32m•[39m Flutter download mirror https://storage.flutter-io.cn
    [32m•[39m Feature flags: enable-web, enable-linux-desktop, enable-macos-desktop, enable-windows-desktop, enable-android, enable-ios, cli-animations,
      enable-lldb-debugging

[32m[✓][39m Windows Version (Windows 11 or higher, 24H2, 2009) [6.0s]

[32m[✓][39m Android toolchain - develop for Android devices (Android SDK version 35.0.0) [7.0s]
    [32m•[39m Android SDK at C:\Users\Administrator\AppData\Local\Android
    [32m•[39m Emulator version unknown
    [32m•[39m Platform android-36, build-tools 35.0.0
    [32m•[39m ANDROID_HOME = C:\Users\Administrator\AppData\Local\Android
    [32m•[39m ANDROID_SDK_ROOT = C:\Users\Administrator\AppData\Local\Android
    [32m•[39m Java binary at: C:\Program Files\OpenLogic\jdk-22.0.2.9-hotspot\bin\java
      This JDK is specified by the JAVA_HOME environment variable.
      To manually set the JDK path, use: `flutter config --jdk-dir="path/to/jdk"`.
    [32m•[39m Java version OpenJDK Runtime Environment OpenLogic-OpenJDK (build 22.0.2+9-adhoc.Administrator.jdk22u)
    [32m•[39m All Android licenses accepted.

[32m[✓][39m Chrome - develop for the web [36ms]
    [32m•[39m Chrome at C:\Program Files\Google\Chrome\Application\chrome.exe

[31m[✗][39m Visual Studio - develop Windows apps [33ms]
    [31m✗[39m Visual Studio not installed; this is necessary to develop Windows apps.
      Download at https://visualstudio.microsoft.com/downloads/.
      Please install the "Desktop development with C++" workload, including all of its default components

[33m[!][39m Android Studio (not installed) [26ms]
    [32m•[39m Android Studio not found; download from https://developer.android.com/studio/index.html
      (or visit https://flutter.dev/to/windows-android-setup for detailed instructions).

[32m[✓][39m VS Code (version 1.105.1) [25ms]
    [32m•[39m VS Code at C:\Users\Administrator\AppData\Local\Programs\Microsoft VS Code
    [32m•[39m Flutter extension version 3.122.0

[32m[✓][39m Connected device (3 available) [1,966ms]
    [32m•[39m Windows (desktop) • windows • windows-x64    • Microsoft Windows [Version 10.0.26100.6899]
    [32m•[39m Chrome (web)      • chrome  • web-javascript • Google Chrome 142.0.7444.134
    [32m•[39m Edge (web)        • edge    • web-javascript • Microsoft Edge 142.0.3595.53

[32m[✓][39m Network resources [1,747ms]
    [32m•[39m All expected network resources are available.

[33m![39m Doctor found issues in 2 categories.
```
